Change component parameters: Designator = "H2"; Footprint = "HDR-F-2.54_2X2"; UniqueID = "\WJQNUNKJ"
Change component parameters. Clean all parameters for all variants
Change component parameters (AddParameter): Name = "BOM_Manufacturer"; Value = ""; VariantName = "[No Variations]"
Change component parameters (AddParameter): Name = "BOM_Manufacturer Part"; Value = ""; VariantName = "[No Variations]"
Change component parameters (AddParameter): Name = "BOM_Supplier"; Value = "LCSC"; VariantName = "[No Variations]"
Change component parameters (AddParameter): Name = "BOM_Supplier Part"; Value = "C239342"; VariantName = "[No Variations]"
Change component parameters (AddParameter): Name = "Contributor"; Value = "LCEDA_Lib"; VariantName = "[No Variations]"
Change component parameters (AddParameter): Name = "spicePre"; Value = "H"; VariantName = "[No Variations]"
Change component parameters (AddParameter): Name = "spiceSymbolName"; Value = "HDR-F-2.54_2x2"; VariantName = "[No Variations]"
Change component parameters: Designator = "H3"; Footprint = "HDR-F-2.54_1X6"; UniqueID = "\AYNRBXXD"
Change component parameters. Clean all parameters for all variants
Change component parameters (AddParameter): Name = "BOM_Manufacturer"; Value = ""; VariantName = "[No Variations]"
Change component parameters (AddParameter): Name = "BOM_Manufacturer Part"; Value = ""; VariantName = "[No Variations]"
Change component parameters (AddParameter): Name = "BOM_Supplier"; Value = "LCSC"; VariantName = "[No Variations]"
Change component parameters (AddParameter): Name = "BOM_Supplier Part"; Value = "C40877"; VariantName = "[No Variations]"
Change component parameters (AddParameter): Name = "Contributor"; Value = "LCEDA_Lib"; VariantName = "[No Variations]"
Change component parameters (AddParameter): Name = "spicePre"; Value = "H"; VariantName = "[No Variations]"
Change component parameters (AddParameter): Name = "spiceSymbolName"; Value = "HDR-F-2.54_1x6"; VariantName = "[No Variations]"
Change component parameters: Designator = "J1"; Footprint = "HDR-M-2.54_1X2"; UniqueID = "\ILCCQEVD"
Change component parameters. Clean all parameters for all variants
Change component parameters (AddParameter): Name = "BOM_Manufacturer"; Value = ""; VariantName = "[No Variations]"
Change component parameters (AddParameter): Name = "BOM_Manufacturer Part"; Value = ""; VariantName = "[No Variations]"
Change component parameters (AddParameter): Name = "BOM_Supplier"; Value = "LCSC"; VariantName = "[No Variations]"
Change component parameters (AddParameter): Name = "BOM_Supplier Part"; Value = "C124375"; VariantName = "[No Variations]"
Change component parameters (AddParameter): Name = "Contributor"; Value = "LCEDA_Lib"; VariantName = "[No Variations]"
Change component parameters (AddParameter): Name = "spicePre"; Value = "J"; VariantName = "[No Variations]"
Change component parameters (AddParameter): Name = "spiceSymbolName"; Value = "HDR-M-2.54_1x2"; VariantName = "[No Variations]"
Change component parameters: Designator = "R1"; Footprint = "R_AXIAL-0.8"; UniqueID = "\AJOAQACQ"
Change component parameters. Clean all parameters for all variants
Change component parameters (AddParameter): Name = "BOM_Manufacturer Part"; Value = ""; VariantName = "[No Variations]"
Change component parameters (AddParameter): Name = "BOM_Supplier"; Value = ""; VariantName = "[No Variations]"
Change component parameters (AddParameter): Name = "BOM_Supplier Part"; Value = ""; VariantName = "[No Variations]"
Change component parameters (AddParameter): Name = "Contributor"; Value = "LCEDA_Lib"; VariantName = "[No Variations]"
Change component parameters (AddParameter): Name = "nameAlias"; Value = "Value(¦¸)"; VariantName = "[No Variations]"
Change component parameters (AddParameter): Name = "spicePre"; Value = "R"; VariantName = "[No Variations]"
Change component parameters (AddParameter): Name = "spiceSymbolName"; Value = "R_AXIAL-0.8_US"; VariantName = "[No Variations]"
Change component parameters: Designator = "SW1"; Footprint = "SW-TH_SDDJE10700"; UniqueID = "\OUMENGMR"
Change component parameters. Clean all parameters for all variants
Change component parameters (AddParameter): Name = "BOM_JLCPCB Part Class"; Value = "Extended Part"; VariantName = "[No Variations]"
Change component parameters (AddParameter): Name = "BOM_Manufacturer"; Value = "ALPSALPINE(°¢¶û±°Ë¹°¢¶ûÅÉ)"; VariantName = "[No Variations]"
Change component parameters (AddParameter): Name = "BOM_Manufacturer Part"; Value = "SDDJE10700"; VariantName = "[No Variations]"
Change component parameters (AddParameter): Name = "BOM_Supplier"; Value = "LCSC"; VariantName = "[No Variations]"
Change component parameters (AddParameter): Name = "BOM_Supplier Part"; Value = "C358626"; VariantName = "[No Variations]"
Change component parameters (AddParameter): Name = "Contributor"; Value = "LCSC"; VariantName = "[No Variations]"
Change component parameters (AddParameter): Name = "spicePre"; Value = "S"; VariantName = "[No Variations]"
Change component parameters (AddParameter): Name = "spiceSymbolName"; Value = "SDDJE10700"; VariantName = "[No Variations]"
Change component parameters: Designator = "SW2"; Footprint = "SW-TH_4P-L6.0-W6.0-P4.50-LS6.5"; UniqueID = "\OVLSBFCU"
Change component parameters. Clean all parameters for all variants
Change component parameters (AddParameter): Name = "BOM_JLCPCB Part Class"; Value = "Extended Part"; VariantName = "[No Variations]"
Change component parameters (AddParameter): Name = "BOM_Manufacturer"; Value = "SHOU HAN"; VariantName = "[No Variations]"
Change component parameters (AddParameter): Name = "BOM_Manufacturer Part"; Value = "TS665CJ"; VariantName = "[No Variations]"
Change component parameters (AddParameter): Name = "BOM_Supplier"; Value = "LCSC"; VariantName = "[No Variations]"
Change component parameters (AddParameter): Name = "BOM_Supplier Part"; Value = "C393938"; VariantName = "[No Variations]"
Change component parameters (AddParameter): Name = "Contributor"; Value = "LCSC"; VariantName = "[No Variations]"
Change component parameters (AddParameter): Name = "spicePre"; Value = "S"; VariantName = "[No Variations]"
Change component parameters (AddParameter): Name = "spiceSymbolName"; Value = "TS665CJ"; VariantName = "[No Variations]"
Change component parameters: Designator = "SW3"; Footprint = "SW-TH_4P-L6.0-W6.0-P4.50-LS6.5"; UniqueID = "\QSPMKTHC"
Change component parameters. Clean all parameters for all variants
Change component parameters (AddParameter): Name = "BOM_JLCPCB Part Class"; Value = "Extended Part"; VariantName = "[No Variations]"
Change component parameters (AddParameter): Name = "BOM_Manufacturer"; Value = "SHOU HAN"; VariantName = "[No Variations]"
Change component parameters (AddParameter): Name = "BOM_Manufacturer Part"; Value = "TS665CJ"; VariantName = "[No Variations]"
Change component parameters (AddParameter): Name = "BOM_Supplier"; Value = "LCSC"; VariantName = "[No Variations]"
Change component parameters (AddParameter): Name = "BOM_Supplier Part"; Value = "C393938"; VariantName = "[No Variations]"
Change component parameters (AddParameter): Name = "Contributor"; Value = "LCSC"; VariantName = "[No Variations]"
Change component parameters (AddParameter): Name = "spicePre"; Value = "S"; VariantName = "[No Variations]"
Change component parameters (AddParameter): Name = "spiceSymbolName"; Value = "TS665CJ"; VariantName = "[No Variations]"
Change component parameters: Designator = "SW4"; Footprint = "SW-TH_4P-L6.0-W6.0-P4.50-LS6.5"; UniqueID = "\FRPGLMXJ"
Change component parameters. Clean all parameters for all variants
Change component parameters (AddParameter): Name = "BOM_JLCPCB Part Class"; Value = "Extended Part"; VariantName = "[No Variations]"
Change component parameters (AddParameter): Name = "BOM_Manufacturer"; Value = "SHOU HAN"; VariantName = "[No Variations]"
Change component parameters (AddParameter): Name = "BOM_Manufacturer Part"; Value = "TS665CJ"; VariantName = "[No Variations]"
Change component parameters (AddParameter): Name = "BOM_Supplier"; Value = "LCSC"; VariantName = "[No Variations]"
Change component parameters (AddParameter): Name = "BOM_Supplier Part"; Value = "C393938"; VariantName = "[No Variations]"
Change component parameters (AddParameter): Name = "Contributor"; Value = "LCSC"; VariantName = "[No Variations]"
Change component parameters (AddParameter): Name = "spicePre"; Value = "S"; VariantName = "[No Variations]"
Change component parameters (AddParameter): Name = "spiceSymbolName"; Value = "TS665CJ"; VariantName = "[No Variations]"
Change component parameters: Designator = "P1"; Footprint = "CONN-TH_2P-P5.00"; UniqueID = "\BIUOVKQG"
Change component parameters. Clean all parameters for all variants
Change component parameters (AddParameter): Name = "BOM_Manufacturer"; Value = ""; VariantName = "[No Variations]"
Change component parameters (AddParameter): Name = "BOM_Manufacturer Part"; Value = ""; VariantName = "[No Variations]"
Change component parameters (AddParameter): Name = "BOM_Supplier"; Value = "LCSC"; VariantName = "[No Variations]"
Change component parameters (AddParameter): Name = "BOM_Supplier Part"; Value = ""; VariantName = "[No Variations]"
Change component parameters (AddParameter): Name = "Contributor"; Value = "LCEDA_Lib"; VariantName = "[No Variations]"
Change component parameters (AddParameter): Name = "image"; Value = ""; VariantName = "[No Variations]"
Change component parameters (AddParameter): Name = "spicePre"; Value = "P"; VariantName = "[No Variations]"
Change component parameters (AddParameter): Name = "spiceSymbolName"; Value = "CONN-TH_2P-P5.00"; VariantName = "[No Variations]"
Change component parameters: Designator = "P2"; Footprint = "CONN-TH_2P-P5.00"; UniqueID = "\TDJXYMBC"
Change component parameters. Clean all parameters for all variants
Change component parameters (AddParameter): Name = "BOM_Manufacturer"; Value = ""; VariantName = "[No Variations]"
Change component parameters (AddParameter): Name = "BOM_Manufacturer Part"; Value = ""; VariantName = "[No Variations]"
Change component parameters (AddParameter): Name = "BOM_Supplier"; Value = "LCSC"; VariantName = "[No Variations]"
Change component parameters (AddParameter): Name = "BOM_Supplier Part"; Value = ""; VariantName = "[No Variations]"
Change component parameters (AddParameter): Name = "Contributor"; Value = "LCEDA_Lib"; VariantName = "[No Variations]"
Change component parameters (AddParameter): Name = "image"; Value = ""; VariantName = "[No Variations]"
Change component parameters (AddParameter): Name = "spicePre"; Value = "P"; VariantName = "[No Variations]"
Change component parameters (AddParameter): Name = "spiceSymbolName"; Value = "CONN-TH_2P-P5.00"; VariantName = "[No Variations]"
Change component parameters: Designator = "LED1"; Footprint = "LED-TH_BD3.0_RED"; UniqueID = "\QLQJEFBK"
Change component parameters. Clean all parameters for all variants
Change component parameters (AddParameter): Name = "BOM_Manufacturer"; Value = "EVERLIGHT(Ì¨ÍåÒÚ¹â)"; VariantName = "[No Variations]"
Change component parameters (AddParameter): Name = "BOM_Manufacturer Part"; Value = "204-10SDRD/S530-A3-L"; VariantName = "[No Variations]"
Change component parameters (AddParameter): Name = "BOM_Supplier"; Value = "LCSC"; VariantName = "[No Variations]"
Change component parameters (AddParameter): Name = "BOM_Supplier Part"; Value = "C84774"; VariantName = "[No Variations]"
Change component parameters (AddParameter): Name = "Contributor"; Value = "LCEDA_Lib"; VariantName = "[No Variations]"
Change component parameters (AddParameter): Name = "link"; Value = ""; VariantName = "[No Variations]"
Change component parameters (AddParameter): Name = "spicePre"; Value = "L"; VariantName = "[No Variations]"
Change component parameters (AddParameter): Name = "spiceSymbolName"; Value = "LED-TH-3mm_R"; VariantName = "[No Variations]"
Change component parameters: Designator = "U1"; UniqueID = "\YGIJXJME"
Change component parameters. Clean all parameters for all variants
Change component parameters (AddParameter): Name = "BOM_Manufacturer"; Value = ""; VariantName = "[No Variations]"
Change component parameters (AddParameter): Name = "BOM_Manufacturer Part"; Value = ""; VariantName = "[No Variations]"
Change component parameters (AddParameter): Name = "BOM_Supplier"; Value = ""; VariantName = "[No Variations]"
Change component parameters (AddParameter): Name = "BOM_Supplier Part"; Value = ""; VariantName = "[No Variations]"
Change component parameters (AddParameter): Name = "Contributor"; Value = "control_youself"; VariantName = "[No Variations]"
Change component parameters (AddParameter): Name = "link"; Value = ""; VariantName = "[No Variations]"
Change component parameters (AddParameter): Name = "spicePre"; Value = "U"; VariantName = "[No Variations]"
Change component parameters (AddParameter): Name = "spiceSymbolName"; Value = "STM32C8T6"; VariantName = "[No Variations]"
Change component parameters: Designator = "U2"; Footprint = "HDR-F-2.54_1X6"; UniqueID = "\XVUJCXLO"
Change component parameters. Clean all parameters for all variants
Change component parameters (AddParameter): Name = "BOM_Manufacturer"; Value = ""; VariantName = "[No Variations]"
Change component parameters (AddParameter): Name = "BOM_Manufacturer Part"; Value = ""; VariantName = "[No Variations]"
Change component parameters (AddParameter): Name = "BOM_Supplier"; Value = ""; VariantName = "[No Variations]"
Change component parameters (AddParameter): Name = "BOM_Supplier Part"; Value = ""; VariantName = "[No Variations]"
Change component parameters (AddParameter): Name = "Contributor"; Value = "control_youself"; VariantName = "[No Variations]"
Change component parameters (AddParameter): Name = "link"; Value = ""; VariantName = "[No Variations]"
Change component parameters (AddParameter): Name = "spicePre"; Value = "U"; VariantName = "[No Variations]"
Change component parameters (AddParameter): Name = "spiceSymbolName"; Value = "±àÂëÆ÷½Ó¿Ú"; VariantName = "[No Variations]"
Change component parameters: Designator = "U3"; Footprint = "TB6612"; UniqueID = "\WFAFYNAF"
Change component parameters. Clean all parameters for all variants
Change component parameters (AddParameter): Name = "BOM_Manufacturer"; Value = ""; VariantName = "[No Variations]"
Change component parameters (AddParameter): Name = "BOM_Manufacturer Part"; Value = ""; VariantName = "[No Variations]"
Change component parameters (AddParameter): Name = "BOM_Supplier"; Value = ""; VariantName = "[No Variations]"
Change component parameters (AddParameter): Name = "BOM_Supplier Part"; Value = ""; VariantName = "[No Variations]"
Change component parameters (AddParameter): Name = "Contributor"; Value = "control_youself"; VariantName = "[No Variations]"
Change component parameters (AddParameter): Name = "link"; Value = ""; VariantName = "[No Variations]"
Change component parameters (AddParameter): Name = "spicePre"; Value = "U"; VariantName = "[No Variations]"
Change component parameters (AddParameter): Name = "spiceSymbolName"; Value = "TB6612"; VariantName = "[No Variations]"
Change component parameters: Designator = "U4"; Footprint = "HDR-F-2.54_1X8"; UniqueID = "\NWAYWJQN"
Change component parameters. Clean all parameters for all variants
Change component parameters (AddParameter): Name = "BOM_Manufacturer"; Value = ""; VariantName = "[No Variations]"
Change component parameters (AddParameter): Name = "BOM_Manufacturer Part"; Value = ""; VariantName = "[No Variations]"
Change component parameters (AddParameter): Name = "BOM_Supplier"; Value = ""; VariantName = "[No Variations]"
Change component parameters (AddParameter): Name = "BOM_Supplier Part"; Value = ""; VariantName = "[No Variations]"
Change component parameters (AddParameter): Name = "Contributor"; Value = "control_youself"; VariantName = "[No Variations]"
Change component parameters (AddParameter): Name = "link"; Value = ""; VariantName = "[No Variations]"
Change component parameters (AddParameter): Name = "spicePre"; Value = "U"; VariantName = "[No Variations]"
Change component parameters (AddParameter): Name = "spiceSymbolName"; Value = "TFT1.8LCD"; VariantName = "[No Variations]"
Added Pin To Net: NetName=+5V Pin=H2-2
Added Pin To Net: NetName=+5V Pin=R1-2
Added Pin To Net: NetName=+5V Pin=U1-18
Added Pin To Net: NetName=+5V Pin=U2-2
Added Pin To Net: NetName=+5V Pin=U4-2
Added Net: Name=+5V
Added Pin To Net: NetName=+12V Pin=J1-1
Added Pin To Net: NetName=+12V Pin=SW1-2
Added Pin To Net: NetName=+12V Pin=U3-1
Added Net: Name=+12V
Added Pin To Net: NetName=GND Pin=H2-3
Added Pin To Net: NetName=GND Pin=H2-4
Added Pin To Net: NetName=GND Pin=H3-3
Added Pin To Net: NetName=GND Pin=J1-2
Added Pin To Net: NetName=GND Pin=LED1-2
Added Pin To Net: NetName=GND Pin=P1-1
Added Pin To Net: NetName=GND Pin=P2-1
Added Pin To Net: NetName=GND Pin=SW2-4
Added Pin To Net: NetName=GND Pin=SW3-4
Added Pin To Net: NetName=GND Pin=SW4-4
Added Pin To Net: NetName=GND Pin=U1-19
Added Pin To Net: NetName=GND Pin=U1-39
Added Pin To Net: NetName=GND Pin=U1-40
Added Pin To Net: NetName=GND Pin=U2-5
Added Pin To Net: NetName=GND Pin=U3-8
Added Pin To Net: NetName=GND Pin=U3-16
Added Pin To Net: NetName=GND Pin=U4-1
Added Net: Name=GND
Added Pin To Net: NetName=NetH2_1 Pin=H2-1
Added Pin To Net: NetName=NetH2_1 Pin=P1-2
Added Pin To Net: NetName=NetH2_1 Pin=P2-2
Added Pin To Net: NetName=NetH2_1 Pin=SW1-1
Added Net: Name=NetH2_1
Added Pin To Net: NetName=NetH3_1 Pin=H3-1
Added Pin To Net: NetName=NetH3_1 Pin=U1-38
Added Net: Name=NetH3_1
Added Pin To Net: NetName=NetH3_2 Pin=H3-2
Added Pin To Net: NetName=NetH3_2 Pin=U1-25
Added Net: Name=NetH3_2
Added Pin To Net: NetName=NetLED1_1 Pin=LED1-1
Added Pin To Net: NetName=NetLED1_1 Pin=R1-1
Added Net: Name=NetLED1_1
Added Pin To Net: NetName=NetU1_5 Pin=U1-5
Added Pin To Net: NetName=NetU1_5 Pin=U3-9
Added Net: Name=NetU1_5
Added Pin To Net: NetName=NetU1_8 Pin=U1-8
Added Pin To Net: NetName=NetU1_8 Pin=U3-11
Added Net: Name=NetU1_8
Added Pin To Net: NetName=NetU1_9 Pin=U1-9
Added Pin To Net: NetName=NetU1_9 Pin=U3-10
Added Net: Name=NetU1_9
Added Pin To Net: NetName=NetU1_14 Pin=U1-14
Added Pin To Net: NetName=NetU1_14 Pin=U2-3
Added Net: Name=NetU1_14
Added Pin To Net: NetName=NetU1_15 Pin=U1-15
Added Pin To Net: NetName=NetU1_15 Pin=U2-4
Added Net: Name=NetU1_15
Added Pin To Net: NetName=NetU1_29 Pin=U1-29
Added Pin To Net: NetName=NetU1_29 Pin=U4-7
Added Net: Name=NetU1_29
Added Pin To Net: NetName=NetU1_30 Pin=U1-30
Added Pin To Net: NetName=NetU1_30 Pin=U4-3
Added Net: Name=NetU1_30
Added Pin To Net: NetName=NetU1_32 Pin=U1-32
Added Pin To Net: NetName=NetU1_32 Pin=U4-4
Added Net: Name=NetU1_32
Added Pin To Net: NetName=NetU1_33 Pin=U1-33
Added Pin To Net: NetName=NetU1_33 Pin=U4-5
Added Net: Name=NetU1_33
Added Pin To Net: NetName=NetU1_34 Pin=U1-34
Added Pin To Net: NetName=NetU1_34 Pin=U4-6
Added Net: Name=NetU1_34
Added Pin To Net: NetName=NetU1_35 Pin=U1-35
Added Pin To Net: NetName=NetU1_35 Pin=U4-8
Added Net: Name=NetU1_35
Added Pin To Net: NetName=NetU2_1 Pin=U2-1
Added Pin To Net: NetName=NetU2_1 Pin=U3-5
Added Net: Name=NetU2_1
Added Pin To Net: NetName=NetU2_6 Pin=U2-6
Added Pin To Net: NetName=NetU2_6 Pin=U3-4
Added Net: Name=NetU2_6
Added Pin To Net: NetName=PA3 Pin=SW3-1
Added Pin To Net: NetName=PA3 Pin=U1-11
Added Net: Name=PA3
Added Pin To Net: NetName=PA4 Pin=SW4-1
Added Pin To Net: NetName=PA4 Pin=U1-12
Added Net: Name=PA4
Added Pin To Net: NetName=PA5 Pin=SW2-1
Added Pin To Net: NetName=PA5 Pin=U1-13
Added Net: Name=PA5
Added Class: Name=Sheet_1_2021-06-06
Added Room: Name=Sheet_1_2021-06-06
